{"total": {"lines":{"total":552,"covered":542,"skipped":0,"pct":98.18},"statements":{"total":552,"covered":542,"skipped":0,"pct":98.18},"functions":{"total":38,"covered":37,"skipped":0,"pct":97.36},"branches":{"total":211,"covered":200,"skipped":0,"pct":94.78},"branchesTrue":{"total":0,"covered":0,"skipped":0,"pct":100}}
,"G:\\Documents\\Project\\PrintVisual\\src\\schemas.ts": {"lines":{"total":54,"covered":54,"skipped":0,"pct":100},"functions":{"total":0,"covered":0,"skipped":0,"pct":100},"statements":{"total":54,"covered":54,"skipped":0,"pct":100},"branches":{"total":1,"covered":1,"skipped":0,"pct":100}}
,"G:\\Documents\\Project\\PrintVisual\\src\\services\\address.ts": {"lines":{"total":56,"covered":56,"skipped":0,"pct":100},"functions":{"total":7,"covered":7,"skipped":0,"pct":100},"statements":{"total":56,"covered":56,"skipped":0,"pct":100},"branches":{"total":34,"covered":32,"skipped":0,"pct":94.11}}
,"G:\\Documents\\Project\\PrintVisual\\src\\services\\networkScanner.ts": {"lines":{"total":146,"covered":146,"skipped":0,"pct":100},"functions":{"total":10,"covered":10,"skipped":0,"pct":100},"statements":{"total":146,"covered":146,"skipped":0,"pct":100},"branches":{"total":42,"covered":41,"skipped":0,"pct":97.61}}
,"G:\\Documents\\Project\\PrintVisual\\src\\services\\printerService.ts": {"lines":{"total":296,"covered":286,"skipped":0,"pct":96.62},"functions":{"total":21,"covered":20,"skipped":0,"pct":95.23},"statements":{"total":296,"covered":286,"skipped":0,"pct":96.62},"branches":{"total":134,"covered":126,"skipped":0,"pct":94.02}}
}
