{"total": {"lines":{"total":318,"covered":318,"skipped":0,"pct":100},"statements":{"total":318,"covered":318,"skipped":0,"pct":100},"functions":{"total":21,"covered":21,"skipped":0,"pct":100},"branches":{"total":101,"covered":98,"skipped":0,"pct":97.02},"branchesTrue":{"total":0,"covered":0,"skipped":0,"pct":100}}
,"G:\\Документы\\Project\\PrintVisual\\src\\schemas.ts": {"lines":{"total":46,"covered":46,"skipped":0,"pct":100},"functions":{"total":0,"covered":0,"skipped":0,"pct":100},"statements":{"total":46,"covered":46,"skipped":0,"pct":100},"branches":{"total":1,"covered":1,"skipped":0,"pct":100}}
,"G:\\Документы\\Project\\PrintVisual\\src\\services\\address.ts": {"lines":{"total":56,"covered":56,"skipped":0,"pct":100},"functions":{"total":7,"covered":7,"skipped":0,"pct":100},"statements":{"total":56,"covered":56,"skipped":0,"pct":100},"branches":{"total":34,"covered":32,"skipped":0,"pct":94.11}}
,"G:\\Документы\\Project\\PrintVisual\\src\\services\\networkScanner.ts": {"lines":{"total":146,"covered":146,"skipped":0,"pct":100},"functions":{"total":10,"covered":10,"skipped":0,"pct":100},"statements":{"total":146,"covered":146,"skipped":0,"pct":100},"branches":{"total":42,"covered":41,"skipped":0,"pct":97.61}}
,"G:\\Документы\\Project\\PrintVisual\\src\\services\\printerService.ts": {"lines":{"total":70,"covered":70,"skipped":0,"pct":100},"functions":{"total":4,"covered":4,"skipped":0,"pct":100},"statements":{"total":70,"covered":70,"skipped":0,"pct":100},"branches":{"total":24,"covered":24,"skipped":0,"pct":100}}
}
