<?xml version="1.0" encoding="UTF-8" ?>
<testsuites name="vitest tests" tests="38" failures="0" errors="0" time="4.768535038">
    <testsuite name="tests/address.test.ts" timestamp="2026-07-05T11:51:01.908Z" hostname="c-6a4a40e9-01f55820-8ab0f9e469d5" tests="4" failures="0" errors="0" skipped="0" time="0.018992169">
        <testcase classname="tests/address.test.ts" name="address helpers &gt; normalizes MAC addresses from mixed input" time="0.001860609">
        </testcase>
        <testcase classname="tests/address.test.ts" name="address helpers &gt; finds MAC addresses in nested arrays and objects" time="0.000367253">
        </testcase>
        <testcase classname="tests/address.test.ts" name="address helpers &gt; normalizes printer addresses and extracts IPv4/subnet data" time="0.013762068">
        </testcase>
        <testcase classname="tests/address.test.ts" name="address helpers &gt; collects distinct scan subnets and replaces host addresses" time="0.001699861">
        </testcase>
    </testsuite>
    <testsuite name="tests/app.integration.test.ts" timestamp="2026-07-05T11:51:01.929Z" hostname="c-6a4a40e9-01f55820-8ab0f9e469d5" tests="3" failures="0" errors="0" skipped="0" time="0.294270768">
        <testcase classname="tests/app.integration.test.ts" name="HTTP API integration &gt; returns validation details for invalid printer MAC requests" time="0.137120244">
        </testcase>
        <testcase classname="tests/app.integration.test.ts" name="HTTP API integration &gt; returns validation details for invalid recovery plan payloads" time="0.081778854">
        </testcase>
        <testcase classname="tests/app.integration.test.ts" name="HTTP API integration &gt; looks up printer MAC through the HTTP route against a live external service" time="0.041763994">
        </testcase>
    </testsuite>
    <testsuite name="tests/networkScanner.test.ts" timestamp="2026-07-05T11:51:01.930Z" hostname="c-6a4a40e9-01f55820-8ab0f9e469d5" tests="14" failures="0" errors="0" skipped="0" time="0.061935284">
        <testcase classname="tests/networkScanner.test.ts" name="networkScanner &gt; provides default dependencies for subnet expansion and logging" time="0.00394385">
        </testcase>
        <testcase classname="tests/networkScanner.test.ts" name="networkScanner &gt; preserves input order in concurrent worker execution" time="0.030655314">
        </testcase>
        <testcase classname="tests/networkScanner.test.ts" name="networkScanner &gt; returns an empty result for empty concurrent workloads" time="0.000802691">
        </testcase>
        <testcase classname="tests/networkScanner.test.ts" name="networkScanner &gt; builds a normalized MAC map and tracks conflicts" time="0.002663165">
        </testcase>
        <testcase classname="tests/networkScanner.test.ts" name="networkScanner &gt; matches saved printers by MAC and rewrites only changed IP addresses" time="0.001181947">
        </testcase>
        <testcase classname="tests/networkScanner.test.ts" name="networkScanner &gt; does not create a recovery match when the device IP is unchanged" time="0.000284949">
        </testcase>
        <testcase classname="tests/networkScanner.test.ts" name="networkScanner &gt; falls back to the raw printer address and IP label when hostname-based entries move" time="0.000513289">
        </testcase>
        <testcase classname="tests/networkScanner.test.ts" name="networkScanner &gt; scans a device and returns the discovered MAC" time="0.001001411">
        </testcase>
        <testcase classname="tests/networkScanner.test.ts" name="networkScanner &gt; marks a device unreachable when connection probe fails" time="0.000882513">
        </testcase>
        <testcase classname="tests/networkScanner.test.ts" name="networkScanner &gt; uses a fallback source when the device is reachable but MAC is not returned" time="0.000544655">
        </testcase>
        <testcase classname="tests/networkScanner.test.ts" name="networkScanner &gt; logs and handles unexpected scan errors" time="0.002456095">
        </testcase>
        <testcase classname="tests/networkScanner.test.ts" name="networkScanner &gt; scans subnets with injected dependencies and returns only reachable devices" time="0.000987251">
        </testcase>
        <testcase classname="tests/networkScanner.test.ts" name="networkScanner &gt; builds an end-to-end recovery plan with matches and conflicts" time="0.012668058">
        </testcase>
        <testcase classname="tests/networkScanner.test.ts" name="networkScanner &gt; continues recovery planning when a device scan crashes" time="0.00171185">
        </testcase>
    </testsuite>
    <testsuite name="tests/printerService.test.ts" timestamp="2026-07-05T11:51:01.947Z" hostname="c-6a4a40e9-01f55820-8ab0f9e469d5" tests="10" failures="0" errors="0" skipped="0" time="4.359381936">
        <testcase classname="tests/printerService.test.ts" name="printerService &gt; returns null for placeholder printer addresses" time="0.016324888">
        </testcase>
        <testcase classname="tests/printerService.test.ts" name="printerService &gt; tries known JSON endpoints until MAC is found" time="0.061920447">
        </testcase>
        <testcase classname="tests/printerService.test.ts" name="printerService &gt; returns null when endpoints do not contain MAC data" time="0.00121136">
        </testcase>
        <testcase classname="tests/printerService.test.ts" name="printerService &gt; checks connectivity through fallback probe URLs" time="0.000774352">
        </testcase>
        <testcase classname="tests/printerService.test.ts" name="printerService &gt; returns false when all connectivity probes fail" time="0.000788921">
        </testcase>
        <testcase classname="tests/printerService.test.ts" name="printerService &gt; parses JSON responses and falls back to raw text for non-JSON payloads" time="0.014976912">
        </testcase>
        <testcase classname="tests/printerService.test.ts" name="printerService &gt; throws for non-success HTTP responses" time="0.00161455">
        </testcase>
        <testcase classname="tests/printerService.test.ts" name="printerService &gt; aborts requests on timeout" time="0.004984795">
        </testcase>
        <testcase classname="tests/printerService.test.ts" name="printerService &gt; integrates with a live HTTP service and extracts nested MAC data" time="0.11547018">
        </testcase>
        <testcase classname="tests/printerService.test.ts" name="printerService &gt; returns null when the external HTTP service is unavailable" time="4.139086705">
        </testcase>
    </testsuite>
    <testsuite name="tests/schemas.test.ts" timestamp="2026-07-05T11:51:01.949Z" hostname="c-6a4a40e9-01f55820-8ab0f9e469d5" tests="7" failures="0" errors="0" skipped="0" time="0.033954881">
        <testcase classname="tests/schemas.test.ts" name="Zod schemas &gt; validates and normalizes MAC addresses" time="0.014286865">
        </testcase>
        <testcase classname="tests/schemas.test.ts" name="Zod schemas &gt; validates printer addresses with trim and length limits" time="0.000706291">
        </testcase>
        <testcase classname="tests/schemas.test.ts" name="Zod schemas &gt; applies defaults for camera objects and camera arrays" time="0.001829702">
        </testcase>
        <testcase classname="tests/schemas.test.ts" name="Zod schemas &gt; accepts partial settings, passthrough fields and rejects invalid toggle values" time="0.001683364">
        </testcase>
        <testcase classname="tests/schemas.test.ts" name="Zod schemas &gt; validates MAC lookup input for query and body payloads" time="0.001136692">
        </testcase>
        <testcase classname="tests/schemas.test.ts" name="Zod schemas &gt; validates subnet format and network scan boundaries" time="0.001860018">
        </testcase>
        <testcase classname="tests/schemas.test.ts" name="Zod schemas &gt; validates recovery plan payloads and numeric bounds" time="0.011101933">
        </testcase>
    </testsuite>
</testsuites>
